

Version:	3.50
CmdLine:	C:\Users\34662\Documents\NetBeansProjects\PaxisInclusion\mypaxisinclusion.exe --l4j-debug
JNI:		No
WOW64:		Yes
Working dir:	C:\Users\34662\Documents\NetBeansProjects\PaxisInclusion\.
Requires JDK:	Yes
Requires 64-Bit: Yes
Java min ver:	1.008.000
Java max ver:	
Substitute:	JAVA_HOME = 
Substitute:	PATH = C:\Program Files\Common Files\Oracle\Java\javapath;C:\WINDOWS\system32;C:\WINDOWS;C:\WINDOWS\System32\Wbem;C:\WINDOWS\System32\WindowsPowerShell\v1.0\;C:\WINDOWS\System32\OpenSSH\;C:\Program Files\AutoFirma\AutoFirma;C:\Program Files (x86)\Windows Live\Shared;C:\FPC\3.2.2\bin\i386-Win32;C:\Program Files\dotnet\;C:\Program Files\Git\cmd;C:\Program Files\MySQL\MySQL Server 8.3\bin;C:\Program Files\MySQL\MySQL Server 8.3\bin;C:\Users\34662\AppData\Local\Programs\Python\Python312\Scripts\;C:\Users\34662\AppData\Local\Programs\Python\Python312\;C:\Users\34662\AppData\Local\Microsoft\WindowsApps;C:\Users\34662\.dotnet\tools;C:\Users\34662\AppData\Local\GitHubDesktop\bin;C:\Users\34662\AppData\Local\Programs\Microsoft VS Code\bin;C:\apache-maven-3.9.6\bin;;C:\Program Files\Java\jdk-21\bin
JRE paths:	;C:\Program Files\Common Files\Oracle\Java\javapath;C:\WINDOWS\system32;C:\WINDOWS;C:\WINDOWS\System32\Wbem;C:\WINDOWS\System32\WindowsPowerShell\v1.0\;C:\WINDOWS\System32\OpenSSH\;C:\Program Files\AutoFirma\AutoFirma;C:\Program Files (x86)\Windows Live\Shared;C:\FPC\3.2.2\bin\i386-Win32;C:\Program Files\dotnet\;C:\Program Files\Git\cmd;C:\Program Files\MySQL\MySQL Server 8.3\bin;C:\Program Files\MySQL\MySQL Server 8.3\bin;C:\Users\34662\AppData\Local\Programs\Python\Python312\Scripts\;C:\Users\34662\AppData\Local\Programs\Python\Python312\;C:\Users\34662\AppData\Local\Microsoft\WindowsApps;C:\Users\34662\.dotnet\tools;C:\Users\34662\AppData\Local\GitHubDesktop\bin;C:\Users\34662\AppData\Local\Programs\Microsoft VS Code\bin;C:\apache-maven-3.9.6\bin;;C:\Program Files\Java\jdk-21\bin
Check launcher:	C:\Program Files\Common Files\Oracle\Java\javapath\bin\javaw.exe (not found)
Check launcher:	C:\WINDOWS\system32\bin\javaw.exe (not found)
Check launcher:	C:\WINDOWS\bin\javaw.exe (not found)
Check launcher:	C:\WINDOWS\System32\Wbem\bin\javaw.exe (not found)
Check launcher:	C:\WINDOWS\System32\WindowsPowerShell\v1.0\bin\javaw.exe (not found)
Check launcher:	C:\WINDOWS\System32\OpenSSH\bin\javaw.exe (not found)
Check launcher:	C:\Program Files\AutoFirma\AutoFirma\bin\javaw.exe (not found)
Check launcher:	C:\Program Files (x86)\Windows Live\Shared\bin\javaw.exe (not found)
Check launcher:	C:\FPC\3.2.2\bin\i386-Win32\bin\javaw.exe (not found)
Check launcher:	C:\Program Files\dotnet\bin\javaw.exe (not found)
Check launcher:	C:\Program Files\Git\cmd\bin\javaw.exe (not found)
Check launcher:	C:\Program Files\MySQL\MySQL Server 8.3\bin\javaw.exe (not found)
Check launcher:	C:\Program Files\MySQL\MySQL Server 8.3\bin\javaw.exe (not found)
Check launcher:	C:\Users\34662\AppData\Local\Programs\Python\Python312\Scripts\bin\javaw.exe (not found)
Check launcher:	C:\Users\34662\AppData\Local\Programs\Python\Python312\bin\javaw.exe (not found)
Check launcher:	C:\Users\34662\AppData\Local\Microsoft\WindowsApps\bin\javaw.exe (not found)
Check launcher:	C:\Users\34662\.dotnet\tools\bin\javaw.exe (not found)
Check launcher:	C:\Users\34662\AppData\Local\GitHubDesktop\bin\javaw.exe (not found)
Check launcher:	C:\Users\34662\AppData\Local\Programs\Microsoft VS Code\bin\javaw.exe (not found)
Check launcher:	C:\apache-maven-3.9.6\bin\javaw.exe (not found)
Check launcher:	C:\Program Files\Java\jdk-21\bin\javaw.exe (OK)
Check javac:	C:\Program Files\Java\jdk-21\bin\javac.exe (OK)
Version string: 1.021.000_002 / 64-Bit (OK)
Launcher:	C:\Program Files\Java\jdk-21\bin\javaw.exe
Launcher args:	-jar "C:\Users\34662\Documents\NetBeansProjects\PaxisInclusion\mypaxisinclusion.exe"
Args length:	84/32768 chars
Exit code:	0
